This file contains any messages produced by compilers while
running configure, to aid debugging if configure makes a mistake.

It was created by pidgin-hotkeys configure 0.2.3, which was
generated by GNU Autoconf 2.61.  Invocation command line was

  $ ./configure 

## --------- ##
## Platform. ##
## --------- ##

hostname = sumit-vm1
uname -m = i686
uname -r = 2.6.16.46-0.12-default
uname -s = Linux
uname -v = #1 Thu May 17 14:00:09 UTC 2007

/usr/bin/uname -p = unknown
/bin/uname -X     = unknown

/bin/arch              = i686
/usr/bin/arch -k       = unknown
/usr/convex/getsysinfo = unknown
/usr/bin/hostinfo      = unknown
/bin/machine           = unknown
/usr/bin/oslevel       = unknown
/bin/universe          = unknown

PATH: /home/sumitk/bin
PATH: /usr/local/bin
PATH: /usr/bin
PATH: /usr/X11R6/bin
PATH: /bin
PATH: /usr/games
PATH: /opt/gnome/bin
PATH: /opt/kde3/bin
PATH: /usr/lib/jvm/jre/bin
PATH: /usr/lib/mit/bin
PATH: /usr/lib/mit/sbin
PATH: /opt/novell/iprint/bin
PATH: /usr/lib/qt3/bin


## ----------- ##
## Core tests. ##
## ----------- ##

configure:2005: checking build system type
configure:2023: result: i686-pc-linux-gnu
configure:2045: checking host system type
configure:2060: result: i686-pc-linux-gnu
configure:2082: checking target system type
configure:2097: result: i686-pc-linux-gnu
configure:2142: checking for a BSD-compatible install
configure:2198: result: /usr/bin/install -c
configure:2209: checking whether build environment is sane
configure:2252: result: yes
configure:2317: checking for gawk
configure:2333: found /usr/bin/gawk
configure:2344: result: gawk
configure:2355: checking whether make sets $(MAKE)
configure:2376: result: yes
configure:2561: checking whether to enable maintainer-specific portions of Makefiles
configure:2570: result: no
configure:2636: checking for gcc
configure:2652: found /usr/bin/gcc
configure:2663: result: gcc
configure:2901: checking for C compiler version
configure:2908: gcc --version >&5
gcc (GCC) 4.1.2 20070115 (prerelease) (SUSE Linux)
Copyright (C) 2006 Free Software Foundation, Inc.
This is free software; see the source for copying conditions.  There is NO
warranty; not even for MERCHANTABILITY or FITNESS FOR A PARTICULAR PURPOSE.

configure:2911: $? = 0
configure:2918: gcc -v >&5
Using built-in specs.
Target: i586-suse-linux
Configured with: ../configure --enable-threads=posix --prefix=/usr --with-local-prefix=/usr/local --infodir=/usr/share/info --mandir=/usr/share/man --libdir=/usr/lib --libexecdir=/usr/lib --enable-languages=c,c++,objc,fortran,obj-c++,java,ada --enable-checking=release --with-gxx-include-dir=/usr/include/c++/4.1.2 --enable-ssp --disable-libssp --disable-libgcj --with-slibdir=/lib --with-system-zlib --enable-shared --enable-__cxa_atexit --enable-libstdcxx-allocator=new --program-suffix= --enable-version-specific-runtime-libs --without-system-libunwind --with-cpu=generic --host=i586-suse-linux
Thread model: posix
gcc version 4.1.2 20070115 (prerelease) (SUSE Linux)
configure:2921: $? = 0
configure:2928: gcc -V >&5
gcc: '-V' option must have argument
configure:2931: $? = 1
configure:2954: checking for C compiler default output file name
configure:2981: gcc    conftest.c  >&5
configure:2984: $? = 0
configure:3022: result: a.out
configure:3039: checking whether the C compiler works
configure:3049: ./a.out
configure:3052: $? = 0
configure:3069: result: yes
configure:3076: checking whether we are cross compiling
configure:3078: result: no
configure:3081: checking for suffix of executables
configure:3088: gcc -o conftest    conftest.c  >&5
configure:3091: $? = 0
configure:3115: result: 
configure:3121: checking for suffix of object files
configure:3147: gcc -c   conftest.c >&5
configure:3150: $? = 0
configure:3173: result: o
configure:3177: checking whether we are using the GNU C compiler
configure:3206: gcc -c   conftest.c >&5
configure:3212: $? = 0
configure:3229: result: yes
configure:3234: checking whether gcc accepts -g
configure:3264: gcc -c -g  conftest.c >&5
configure:3270: $? = 0
configure:3369: result: yes
configure:3386: checking for gcc option to accept ISO C89
configure:3460: gcc  -c -g -O2  conftest.c >&5
configure:3466: $? = 0
configure:3489: result: none needed
configure:3518: checking for style of include used by make
configure:3546: result: GNU
configure:3574: checking dependency style of gcc
configure:3664: result: gcc3
configure:3754: checking for a sed that does not truncate output
configure:3808: result: /usr/bin/sed
configure:3811: checking for grep that handles long lines and -e
configure:3885: result: /usr/bin/grep
configure:3890: checking for egrep
configure:3968: result: /usr/bin/grep -E
configure:3984: checking for ld used by gcc
configure:4051: result: /usr/i586-suse-linux/bin/ld
configure:4060: checking if the linker (/usr/i586-suse-linux/bin/ld) is GNU ld
configure:4075: result: yes
configure:4080: checking for /usr/i586-suse-linux/bin/ld option to reload object files
configure:4087: result: -r
configure:4105: checking for BSD-compatible nm
configure:4154: result: /usr/bin/nm -B
configure:4158: checking whether ln -s works
configure:4162: result: yes
configure:4169: checking how to recognise dependent libraries
configure:4345: result: pass_all
configure:4579: checking how to run the C preprocessor
configure:4619: gcc -E  conftest.c
configure:4625: $? = 0
configure:4656: gcc -E  conftest.c
conftest.c:10:28: error: ac_nonexistent.h: No such file or directory
configure:4662: $? = 1
configure: failed program was:
| /* confdefs.h.  */
| #define PACKAGE_NAME "pidgin-hotkeys"
| #define PACKAGE_TARNAME "pidgin-hotkeys"
| #define PACKAGE_VERSION "0.2.3"
| #define PACKAGE_STRING "pidgin-hotkeys 0.2.3"
| #define PACKAGE_BUGREPORT "email@ivanwong.info"
| #define PACKAGE "pidgin-hotkeys"
| #define VERSION "0.2.3"
| /* end confdefs.h.  */
| #include <ac_nonexistent.h>
configure:4695: result: gcc -E
configure:4724: gcc -E  conftest.c
configure:4730: $? = 0
configure:4761: gcc -E  conftest.c
conftest.c:10:28: error: ac_nonexistent.h: No such file or directory
configure:4767: $? = 1
configure: failed program was:
| /* confdefs.h.  */
| #define PACKAGE_NAME "pidgin-hotkeys"
| #define PACKAGE_TARNAME "pidgin-hotkeys"
| #define PACKAGE_VERSION "0.2.3"
| #define PACKAGE_STRING "pidgin-hotkeys 0.2.3"
| #define PACKAGE_BUGREPORT "email@ivanwong.info"
| #define PACKAGE "pidgin-hotkeys"
| #define VERSION "0.2.3"
| /* end confdefs.h.  */
| #include <ac_nonexistent.h>
configure:4805: checking for ANSI C header files
configure:4835: gcc -c -g -O2  conftest.c >&5
configure:4841: $? = 0
configure:4940: gcc -o conftest -g -O2   conftest.c  >&5
configure:4943: $? = 0
configure:4949: ./conftest
configure:4952: $? = 0
configure:4969: result: yes
configure:4993: checking for sys/types.h
configure:5014: gcc -c -g -O2  conftest.c >&5
configure:5020: $? = 0
configure:5036: result: yes
configure:4993: checking for sys/stat.h
configure:5014: gcc -c -g -O2  conftest.c >&5
configure:5020: $? = 0
configure:5036: result: yes
configure:4993: checking for stdlib.h
configure:5014: gcc -c -g -O2  conftest.c >&5
configure:5020: $? = 0
configure:5036: result: yes
configure:4993: checking for string.h
configure:5014: gcc -c -g -O2  conftest.c >&5
configure:5020: $? = 0
configure:5036: result: yes
configure:4993: checking for memory.h
configure:5014: gcc -c -g -O2  conftest.c >&5
configure:5020: $? = 0
configure:5036: result: yes
configure:4993: checking for strings.h
configure:5014: gcc -c -g -O2  conftest.c >&5
configure:5020: $? = 0
configure:5036: result: yes
configure:4993: checking for inttypes.h
configure:5014: gcc -c -g -O2  conftest.c >&5
configure:5020: $? = 0
configure:5036: result: yes
configure:4993: checking for stdint.h
configure:5014: gcc -c -g -O2  conftest.c >&5
configure:5020: $? = 0
configure:5036: result: yes
configure:4993: checking for unistd.h
configure:5014: gcc -c -g -O2  conftest.c >&5
configure:5020: $? = 0
configure:5036: result: yes
configure:5063: checking dlfcn.h usability
configure:5080: gcc -c -g -O2  conftest.c >&5
configure:5086: $? = 0
configure:5100: result: yes
configure:5104: checking dlfcn.h presence
configure:5119: gcc -E  conftest.c
configure:5125: $? = 0
configure:5139: result: yes
configure:5172: checking for dlfcn.h
configure:5180: result: yes
configure:5251: checking for g++
configure:5267: found /usr/bin/g++
configure:5278: result: g++
configure:5309: checking for C++ compiler version
configure:5316: g++ --version >&5
g++ (GCC) 4.1.2 20070115 (prerelease) (SUSE Linux)
Copyright (C) 2006 Free Software Foundation, Inc.
This is free software; see the source for copying conditions.  There is NO
warranty; not even for MERCHANTABILITY or FITNESS FOR A PARTICULAR PURPOSE.

configure:5319: $? = 0
configure:5326: g++ -v >&5
Using built-in specs.
Target: i586-suse-linux
Configured with: ../configure --enable-threads=posix --prefix=/usr --with-local-prefix=/usr/local --infodir=/usr/share/info --mandir=/usr/share/man --libdir=/usr/lib --libexecdir=/usr/lib --enable-languages=c,c++,objc,fortran,obj-c++,java,ada --enable-checking=release --with-gxx-include-dir=/usr/include/c++/4.1.2 --enable-ssp --disable-libssp --disable-libgcj --with-slibdir=/lib --with-system-zlib --enable-shared --enable-__cxa_atexit --enable-libstdcxx-allocator=new --program-suffix= --enable-version-specific-runtime-libs --without-system-libunwind --with-cpu=generic --host=i586-suse-linux
Thread model: posix
gcc version 4.1.2 20070115 (prerelease) (SUSE Linux)
configure:5329: $? = 0
configure:5336: g++ -V >&5
g++: '-V' option must have argument
configure:5339: $? = 1
configure:5342: checking whether we are using the GNU C++ compiler
configure:5371: g++ -c   conftest.cpp >&5
configure:5377: $? = 0
configure:5394: result: yes
configure:5399: checking whether g++ accepts -g
configure:5429: g++ -c -g  conftest.cpp >&5
configure:5435: $? = 0
configure:5534: result: yes
configure:5559: checking dependency style of g++
configure:5649: result: gcc3
configure:5676: checking how to run the C++ preprocessor
configure:5712: g++ -E  conftest.cpp
configure:5718: $? = 0
configure:5749: g++ -E  conftest.cpp
conftest.cpp:21:28: error: ac_nonexistent.h: No such file or directory
configure:5755: $? = 1
configure: failed program was:
| /* confdefs.h.  */
| #define PACKAGE_NAME "pidgin-hotkeys"
| #define PACKAGE_TARNAME "pidgin-hotkeys"
| #define PACKAGE_VERSION "0.2.3"
| #define PACKAGE_STRING "pidgin-hotkeys 0.2.3"
| #define PACKAGE_BUGREPORT "email@ivanwong.info"
| #define PACKAGE "pidgin-hotkeys"
| #define VERSION "0.2.3"
| #define STDC_HEADERS 1
| #define HAVE_SYS_TYPES_H 1
| #define HAVE_SYS_STAT_H 1
| #define HAVE_STDLIB_H 1
| #define HAVE_STRING_H 1
| #define HAVE_MEMORY_H 1
| #define HAVE_STRINGS_H 1
| #define HAVE_INTTYPES_H 1
| #define HAVE_STDINT_H 1
| #define HAVE_UNISTD_H 1
| #define HAVE_DLFCN_H 1
| /* end confdefs.h.  */
| #include <ac_nonexistent.h>
configure:5788: result: g++ -E
configure:5817: g++ -E  conftest.cpp
configure:5823: $? = 0
configure:5854: g++ -E  conftest.cpp
conftest.cpp:21:28: error: ac_nonexistent.h: No such file or directory
configure:5860: $? = 1
configure: failed program was:
| /* confdefs.h.  */
| #define PACKAGE_NAME "pidgin-hotkeys"
| #define PACKAGE_TARNAME "pidgin-hotkeys"
| #define PACKAGE_VERSION "0.2.3"
| #define PACKAGE_STRING "pidgin-hotkeys 0.2.3"
| #define PACKAGE_BUGREPORT "email@ivanwong.info"
| #define PACKAGE "pidgin-hotkeys"
| #define VERSION "0.2.3"
| #define STDC_HEADERS 1
| #define HAVE_SYS_TYPES_H 1
| #define HAVE_SYS_STAT_H 1
| #define HAVE_STDLIB_H 1
| #define HAVE_STRING_H 1
| #define HAVE_MEMORY_H 1
| #define HAVE_STRINGS_H 1
| #define HAVE_INTTYPES_H 1
| #define HAVE_STDINT_H 1
| #define HAVE_UNISTD_H 1
| #define HAVE_DLFCN_H 1
| /* end confdefs.h.  */
| #include <ac_nonexistent.h>
configure:5953: checking for g77
configure:5983: result: no
configure:5953: checking for xlf
configure:5983: result: no
configure:5953: checking for f77
configure:5983: result: no
configure:5953: checking for frt
configure:5983: result: no
configure:5953: checking for pgf77
configure:5983: result: no
configure:5953: checking for cf77
configure:5983: result: no
configure:5953: checking for fort77
configure:5983: result: no
configure:5953: checking for fl32
configure:5983: result: no
configure:5953: checking for af77
configure:5983: result: no
configure:5953: checking for xlf90
configure:5983: result: no
configure:5953: checking for f90
configure:5983: result: no
configure:5953: checking for pgf90
configure:5983: result: no
configure:5953: checking for pghpf
configure:5983: result: no
configure:5953: checking for epcf90
configure:5983: result: no
configure:5953: checking for gfortran
configure:5983: result: no
configure:5953: checking for g95
configure:5983: result: no
configure:5953: checking for xlf95
configure:5983: result: no
configure:5953: checking for f95
configure:5983: result: no
configure:5953: checking for fort
configure:5983: result: no
configure:5953: checking for ifort
configure:5983: result: no
configure:5953: checking for ifc
configure:5983: result: no
configure:5953: checking for efc
configure:5983: result: no
configure:5953: checking for pgf95
configure:5983: result: no
configure:5953: checking for lf95
configure:5983: result: no
configure:5953: checking for ftn
configure:5983: result: no
configure:6010: checking for Fortran 77 compiler version
configure:6017:  --version >&5
./configure: line 6018: --version: command not found
configure:6020: $? = 127
configure:6027:  -v >&5
./configure: line 6028: -v: command not found
configure:6030: $? = 127
configure:6037:  -V >&5
./configure: line 6038: -V: command not found
configure:6040: $? = 127
configure:6048: checking whether we are using the GNU Fortran 77 compiler
configure:6067:  -c  conftest.F >&5
./configure: line 6068: -c: command not found
configure:6073: $? = 127
configure: failed program was:
|       program main
| #ifndef __GNUC__
|        choke me
| #endif
| 
|       end
configure:6090: result: no
configure:6096: checking whether  accepts -g
configure:6113:  -c -g conftest.f >&5
./configure: line 6114: -c: command not found
configure:6119: $? = 127
configure: failed program was:
|       program main
| 
|       end
configure:6135: result: no
configure:6165: checking the maximum length of command line arguments
configure:6274: result: 32768
configure:6285: checking command to parse /usr/bin/nm -B output from gcc object
configure:6390: gcc -c -g -O2  conftest.c >&5
configure:6393: $? = 0
configure:6397: /usr/bin/nm -B conftest.o \| sed -n -e 's/^.*[ 	]\([ABCDGIRSTW][ABCDGIRSTW]*\)[ 	][ 	]*\([_A-Za-z][_A-Za-z0-9]*\)$/\1 \2 \2/p' \> conftest.nm
configure:6400: $? = 0
configure:6452: gcc -o conftest -g -O2   conftest.c conftstm.o >&5
configure:6455: $? = 0
configure:6493: result: ok
configure:6497: checking for objdir
configure:6512: result: .libs
configure:6604: checking for ar
configure:6620: found /usr/bin/ar
configure:6631: result: ar
configure:6700: checking for ranlib
configure:6716: found /usr/bin/ranlib
configure:6727: result: ranlib
configure:6796: checking for strip
configure:6812: found /usr/bin/strip
configure:6823: result: strip
configure:7109: checking if gcc supports -fno-rtti -fno-exceptions
configure:7127: gcc -c -g -O2  -fno-rtti -fno-exceptions conftest.c >&5
cc1: warning: command line option "-fno-rtti" is valid for C++/ObjC++ but not for C
configure:7131: $? = 0
configure:7144: result: no
configure:7159: checking for gcc option to produce PIC
configure:7369: result: -fPIC
configure:7377: checking if gcc PIC flag -fPIC works
configure:7395: gcc -c -g -O2  -fPIC -DPIC conftest.c >&5
configure:7399: $? = 0
configure:7412: result: yes
configure:7440: checking if gcc static flag -static works
configure:7468: result: yes
configure:7478: checking if gcc supports -c -o file.o
configure:7499: gcc -c -g -O2  -o out/conftest2.o conftest.c >&5
configure:7503: $? = 0
configure:7525: result: yes
configure:7551: checking whether the gcc linker (/usr/i586-suse-linux/bin/ld) supports shared libraries
configure:8506: result: yes
configure:8527: checking whether -lc should be explicitly linked in
configure:8532: gcc -c -g -O2  conftest.c >&5
configure:8535: $? = 0
configure:8550: gcc -shared conftest.o  -v -Wl,-soname -Wl,conftest -o conftest 2\>\&1 \| grep  -lc  \>/dev/null 2\>\&1
configure:8553: $? = 0
configure:8565: result: no
configure:8573: checking dynamic linker characteristics
configure:9149: result: GNU/Linux ld.so
configure:9158: checking how to hardcode library paths into programs
configure:9183: result: immediate
configure:9197: checking whether stripping libraries is possible
configure:9202: result: yes
configure:10003: checking if libtool supports shared libraries
configure:10005: result: yes
configure:10008: checking whether to build shared libraries
configure:10029: result: yes
configure:10032: checking whether to build static libraries
configure:10036: result: no
configure:10128: creating libtool
configure:10716: checking for ld used by g++
configure:10783: result: /usr/i586-suse-linux/bin/ld
configure:10792: checking if the linker (/usr/i586-suse-linux/bin/ld) is GNU ld
configure:10807: result: yes
configure:10858: checking whether the g++ linker (/usr/i586-suse-linux/bin/ld) supports shared libraries
configure:11792: result: yes
configure:11810: g++ -c -g -O2  conftest.cpp >&5
configure:11813: $? = 0
configure:11932: checking for g++ option to produce PIC
configure:12206: result: -fPIC
configure:12214: checking if g++ PIC flag -fPIC works
configure:12232: g++ -c -g -O2  -fPIC -DPIC conftest.cpp >&5
configure:12236: $? = 0
configure:12249: result: yes
configure:12277: checking if g++ static flag -static works
configure:12305: result: yes
configure:12315: checking if g++ supports -c -o file.o
configure:12336: g++ -c -g -O2  -o out/conftest2.o conftest.cpp >&5
configure:12340: $? = 0
configure:12362: result: yes
configure:12388: checking whether the g++ linker (/usr/i586-suse-linux/bin/ld) supports shared libraries
configure:12416: result: yes
configure:12483: checking dynamic linker characteristics
configure:13059: result: GNU/Linux ld.so
configure:13068: checking how to hardcode library paths into programs
configure:13093: result: immediate
configure:19224: checking for a BSD-compatible install
configure:19280: result: /usr/bin/install -c
configure:19329: checking for pkg-config
configure:19347: found /usr/bin/pkg-config
configure:19360: result: /usr/bin/pkg-config
configure:19378: checking for  gtk+-2.0 >= 2.4.0 
configure:19382: result: yes
configure:19386: checking GTK_CFLAGS
configure:19389: result: -I/usr/include/cairo -I/usr/include/freetype2 -I/usr/X11R6/include -I/usr/include/libpng12 -I/opt/gnome/include/gtk-2.0 -I/opt/gnome/lib/gtk-2.0/include -I/opt/gnome/include/atk-1.0 -I/opt/gnome/include/pango-1.0 -I/opt/gnome/include/glib-2.0 -I/opt/gnome/lib/glib-2.0/include  
configure:19392: checking GTK_LIBS
configure:19395: result: -L/usr/X11R6/lib -L/opt/gnome/lib -lgtk-x11-2.0 -lgdk-x11-2.0 -latk-1.0 -lgdk_pixbuf-2.0 -lpangocairo-1.0 -lpango-1.0 -lcairo -lgobject-2.0 -lgmodule-2.0 -ldl -lglib-2.0 -lfreetype -lfontconfig -lXrender -lX11 -lXext -lpng12 -lz -lglitz -lm  
configure:19477: checking for  pidgin >= 2.0.0 
configure:19481: result: yes
configure:19485: checking PIDGIN_CFLAGS
configure:19488: result: -I/usr/local/include/pidgin -I/usr/local/include/libpurple -I/usr/include/cairo -I/usr/include/freetype2 -I/usr/X11R6/include -I/usr/include/libpng12 -I/opt/gnome/include/gtk-2.0 -I/opt/gnome/lib/gtk-2.0/include -I/opt/gnome/include/atk-1.0 -I/opt/gnome/include/pango-1.0 -I/opt/gnome/include/glib-2.0 -I/opt/gnome/lib/glib-2.0/include  
configure:19491: checking PIDGIN_LIBS
configure:19494: result: -L/usr/local/lib -L/usr/X11R6/lib -L/opt/gnome/lib -lgtk-x11-2.0 -lpurple -lgdk-x11-2.0 -latk-1.0 -lgdk_pixbuf-2.0 -lpangocairo-1.0 -lpango-1.0 -lcairo -lgobject-2.0 -lgmodule-2.0 -ldl -lfreetype -lfontconfig -lXrender -lX11 -lXext -lpng12 -lz -lglitz -lm -lglib-2.0  
configure:19573: checking locale.h usability
configure:19590: gcc -c -g -O2 -Wall -g3  conftest.c >&5
configure:19596: $? = 0
configure:19610: result: yes
configure:19614: checking locale.h presence
configure:19629: gcc -E  conftest.c
configure:19635: $? = 0
configure:19649: result: yes
configure:19682: checking for locale.h
configure:19690: result: yes
configure:19704: checking for LC_MESSAGES
configure:19730: gcc -o conftest -g -O2 -Wall -g3   conftest.c  >&5
configure:19736: $? = 0
configure:19753: result: yes
configure:19782: checking libintl.h usability
configure:19799: gcc -c -g -O2 -Wall -g3  conftest.c >&5
configure:19805: $? = 0
configure:19819: result: yes
configure:19823: checking libintl.h presence
configure:19838: gcc -E  conftest.c
configure:19844: $? = 0
configure:19858: result: yes
configure:19891: checking for libintl.h
configure:19898: result: yes
configure:19909: checking for ngettext in libc
configure:19937: gcc -o conftest -g -O2 -Wall -g3   conftest.c  >&5
configure:19943: $? = 0
configure:19961: result: yes
configure:19965: checking for dgettext in libc
configure:19993: gcc -o conftest -g -O2 -Wall -g3   conftest.c  >&5
configure:19999: $? = 0
configure:20017: result: yes
configure:20026: checking for bind_textdomain_codeset
configure:20082: gcc -o conftest -g -O2 -Wall -g3   conftest.c  >&5
configure:20088: $? = 0
configure:20106: result: yes
configure:20593: checking for msgfmt
configure:20620: result: /usr/bin/msgfmt
configure:20633: checking for dcgettext
configure:20689: gcc -o conftest -g -O2 -Wall -g3   conftest.c   >&5
conftest.c:52: warning: conflicting types for built-in function 'dcgettext'
configure:20695: $? = 0
configure:20713: result: yes
configure:20724: checking if msgfmt accepts -c
configure:20739: msgfmt -c -o /dev/null conftest.foo
configure:20742: $? = 0
configure:20744: result: yes
configure:20754: checking for gmsgfmt
configure:20785: result: /usr/bin/msgfmt
configure:20795: checking for xgettext
configure:20822: result: /usr/bin/xgettext
configure:20851: gcc -o conftest -g -O2 -Wall -g3   conftest.c   >&5
configure:20857: $? = 0
configure:21027: checking for catalogs to be installed
configure:21052: result:  fr sv zh_TW de
configure:21229: creating ./config.status

## ---------------------- ##
## Running config.status. ##
## ---------------------- ##

This file was extended by pidgin-hotkeys config.status 0.2.3, which was
generated by GNU Autoconf 2.61.  Invocation command line was

  CONFIG_FILES    = 
  CONFIG_HEADERS  = 
  CONFIG_LINKS    = 
  CONFIG_COMMANDS = 
  $ ./config.status 

on sumit-vm1

config.status:698: creating Makefile
config.status:698: creating po/Makefile.in
config.status:833: WARNING:  po/Makefile.in.in seems to ignore the --datarootdir setting
config.status:698: creating src/Makefile
config.status:698: creating hotkeys-config.h
config.status:929: hotkeys-config.h is unchanged
config.status:975: executing depfiles commands
config.status:975: executing default-1 commands

## ---------------- ##
## Cache variables. ##
## ---------------- ##

ac_cv_build=i686-pc-linux-gnu
ac_cv_c_compiler_gnu=yes
ac_cv_cxx_compiler_gnu=yes
ac_cv_env_CCC_set=
ac_cv_env_CCC_value=
ac_cv_env_CC_set=
ac_cv_env_CC_value=
ac_cv_env_CFLAGS_set=
ac_cv_env_CFLAGS_value=
ac_cv_env_CPPFLAGS_set=
ac_cv_env_CPPFLAGS_value=
ac_cv_env_CPP_set=
ac_cv_env_CPP_value=
ac_cv_env_CXXCPP_set=
ac_cv_env_CXXCPP_value=
ac_cv_env_CXXFLAGS_set=
ac_cv_env_CXXFLAGS_value=
ac_cv_env_CXX_set=
ac_cv_env_CXX_value=
ac_cv_env_F77_set=
ac_cv_env_F77_value=
ac_cv_env_FFLAGS_set=
ac_cv_env_FFLAGS_value=
ac_cv_env_LDFLAGS_set=
ac_cv_env_LDFLAGS_value=
ac_cv_env_LIBS_set=
ac_cv_env_LIBS_value=
ac_cv_env_build_alias_set=
ac_cv_env_build_alias_value=
ac_cv_env_host_alias_set=
ac_cv_env_host_alias_value=
ac_cv_env_target_alias_set=
ac_cv_env_target_alias_value=
ac_cv_f77_compiler_gnu=no
ac_cv_func_bind_textdomain_codeset=yes
ac_cv_func_dcgettext=yes
ac_cv_header_dlfcn_h=yes
ac_cv_header_inttypes_h=yes
ac_cv_header_libintl_h=yes
ac_cv_header_locale_h=yes
ac_cv_header_memory_h=yes
ac_cv_header_stdc=yes
ac_cv_header_stdint_h=yes
ac_cv_header_stdlib_h=yes
ac_cv_header_string_h=yes
ac_cv_header_strings_h=yes
ac_cv_header_sys_stat_h=yes
ac_cv_header_sys_types_h=yes
ac_cv_header_unistd_h=yes
ac_cv_host=i686-pc-linux-gnu
ac_cv_objext=o
ac_cv_path_EGREP='/usr/bin/grep -E'
ac_cv_path_GMSGFMT=/usr/bin/msgfmt
ac_cv_path_GREP=/usr/bin/grep
ac_cv_path_MSGFMT=/usr/bin/msgfmt
ac_cv_path_PKG_CONFIG=/usr/bin/pkg-config
ac_cv_path_XGETTEXT=/usr/bin/xgettext
ac_cv_path_install='/usr/bin/install -c'
ac_cv_prog_AWK=gawk
ac_cv_prog_CPP='gcc -E'
ac_cv_prog_CXXCPP='g++ -E'
ac_cv_prog_ac_ct_AR=ar
ac_cv_prog_ac_ct_CC=gcc
ac_cv_prog_ac_ct_CXX=g++
ac_cv_prog_ac_ct_RANLIB=ranlib
ac_cv_prog_ac_ct_STRIP=strip
ac_cv_prog_cc_c89=
ac_cv_prog_cc_g=yes
ac_cv_prog_cxx_g=yes
ac_cv_prog_f77_g=no
ac_cv_prog_make_make_set=yes
ac_cv_target=i686-pc-linux-gnu
am_cv_CC_dependencies_compiler_type=gcc3
am_cv_CXX_dependencies_compiler_type=gcc3
am_cv_val_LC_MESSAGES=yes
gt_cv_func_dgettext_libc=yes
gt_cv_func_dgettext_libintl=no
gt_cv_func_ngettext_libc=yes
gt_cv_have_gettext=yes
lt_cv_deplibs_check_method=pass_all
lt_cv_file_magic_cmd='$MAGIC_CMD'
lt_cv_file_magic_test_file=
lt_cv_ld_reload_flag=-r
lt_cv_objdir=.libs
lt_cv_path_LD=/usr/i586-suse-linux/bin/ld
lt_cv_path_LDCXX=/usr/i586-suse-linux/bin/ld
lt_cv_path_NM='/usr/bin/nm -B'
lt_cv_path_SED=/usr/bin/sed
lt_cv_prog_compiler_c_o=yes
lt_cv_prog_compiler_c_o_CXX=yes
lt_cv_prog_compiler_rtti_exceptions=no
lt_cv_prog_gnu_ld=yes
lt_cv_prog_gnu_ldcxx=yes
lt_cv_sys_global_symbol_pipe='sed -n -e '\''s/^.*[ 	]\([ABCDGIRSTW][ABCDGIRSTW]*\)[ 	][ 	]*\([_A-Za-z][_A-Za-z0-9]*\)$/\1 \2 \2/p'\'''
lt_cv_sys_global_symbol_to_c_name_address='sed -n -e '\''s/^: \([^ ]*\) $/  {\"\1\", (lt_ptr) 0},/p'\'' -e '\''s/^[BCDEGRST] \([^ ]*\) \([^ ]*\)$/  {"\2", (lt_ptr) \&\2},/p'\'''
lt_cv_sys_global_symbol_to_cdecl='sed -n -e '\''s/^. .* \(.*\)$/extern int \1;/p'\'''
lt_cv_sys_max_cmd_len=32768
lt_lt_cv_prog_compiler_c_o='"yes"'
lt_lt_cv_prog_compiler_c_o_CXX='"yes"'
lt_lt_cv_sys_global_symbol_pipe='"sed -n -e '\''s/^.*[ 	]\\([ABCDGIRSTW][ABCDGIRSTW]*\\)[ 	][ 	]*\\([_A-Za-z][_A-Za-z0-9]*\\)\$/\\1 \\2 \\2/p'\''"'
lt_lt_cv_sys_global_symbol_to_c_name_address='"sed -n -e '\''s/^: \\([^ ]*\\) \$/  {\\\"\\1\\\", (lt_ptr) 0},/p'\'' -e '\''s/^[BCDEGRST] \\([^ ]*\\) \\([^ ]*\\)\$/  {\"\\2\", (lt_ptr) \\&\\2},/p'\''"'
lt_lt_cv_sys_global_symbol_to_cdecl='"sed -n -e '\''s/^. .* \\(.*\\)\$/extern int \\1;/p'\''"'

## ----------------- ##
## Output variables. ##
## ----------------- ##

ACLOCAL='${SHELL} /home/sumitk/osource/pidgin-hotkeys-0.2.3/missing --run aclocal-1.9'
ACLOCAL_AMFLAGS='-I /opt/gnome/share/aclocal'
ALL_LINGUAS='fr sv zh_TW de'
AMDEPBACKSLASH='\'
AMDEP_FALSE='#'
AMDEP_TRUE=''
AMTAR='${SHELL} /home/sumitk/osource/pidgin-hotkeys-0.2.3/missing --run tar'
AR='ar'
AUTOCONF='${SHELL} /home/sumitk/osource/pidgin-hotkeys-0.2.3/missing --run autoconf'
AUTOHEADER='${SHELL} /home/sumitk/osource/pidgin-hotkeys-0.2.3/missing --run autoheader'
AUTOMAKE='${SHELL} /home/sumitk/osource/pidgin-hotkeys-0.2.3/missing --run automake-1.9'
AWK='gawk'
CATALOGS=' fr.gmo sv.gmo zh_TW.gmo de.gmo'
CATOBJEXT='.gmo'
CC='gcc'
CCDEPMODE='depmode=gcc3'
CFLAGS='-g -O2 -Wall -g3'
CPP='gcc -E'
CPPFLAGS=''
CXX='g++'
CXXCPP='g++ -E'
CXXDEPMODE='depmode=gcc3'
CXXFLAGS='-g -O2'
CYGPATH_W='echo'
DATADIRNAME='share'
DEFS='-DHAVE_CONFIG_H'
DEPDIR='.deps'
ECHO='echo'
ECHO_C=''
ECHO_N='-n'
ECHO_T=''
EGREP='/usr/bin/grep -E'
EXEEXT=''
F77=''
FFLAGS=''
GETTEXT_PACKAGE='pidgin-hotkeys'
GMOFILES=' fr.gmo sv.gmo zh_TW.gmo de.gmo'
GMSGFMT='/usr/bin/msgfmt'
GREP='/usr/bin/grep'
GTK_CFLAGS='-I/usr/include/cairo -I/usr/include/freetype2 -I/usr/X11R6/include -I/usr/include/libpng12 -I/opt/gnome/include/gtk-2.0 -I/opt/gnome/lib/gtk-2.0/include -I/opt/gnome/include/atk-1.0 -I/opt/gnome/include/pango-1.0 -I/opt/gnome/include/glib-2.0 -I/opt/gnome/lib/glib-2.0/include  '
GTK_LIBS='-L/usr/X11R6/lib -L/opt/gnome/lib -lgtk-x11-2.0 -lgdk-x11-2.0 -latk-1.0 -lgdk_pixbuf-2.0 -lpangocairo-1.0 -lpango-1.0 -lcairo -lgobject-2.0 -lgmodule-2.0 -ldl -lglib-2.0 -lfreetype -lfontconfig -lXrender -lX11 -lXext -lpng12 -lz -lglitz -lm  '
INSTALL_DATA='${INSTALL} -m 644'
INSTALL_PROGRAM='${INSTALL}'
INSTALL_SCRIPT='${INSTALL}'
INSTALL_STRIP_PROGRAM='${SHELL} $(install_sh) -c -s'
INSTOBJEXT='.mo'
INTLLIBS=''
LDFLAGS=''
LIBOBJS=''
LIBS=''
LIBTOOL='$(SHELL) $(top_builddir)/libtool'
LN_S='ln -s'
LTLIBOBJS=''
MAINT='#'
MAINTAINER_MODE_FALSE=''
MAINTAINER_MODE_TRUE='#'
MAKEINFO='${SHELL} /home/sumitk/osource/pidgin-hotkeys-0.2.3/missing --run makeinfo'
MKINSTALLDIRS='./mkinstalldirs'
MSGFMT='/usr/bin/msgfmt'
MSGFMT_OPTS='-c'
OBJEXT='o'
PACKAGE='pidgin-hotkeys'
PACKAGE_BUGREPORT='email@ivanwong.info'
PACKAGE_NAME='pidgin-hotkeys'
PACKAGE_STRING='pidgin-hotkeys 0.2.3'
PACKAGE_TARNAME='pidgin-hotkeys'
PACKAGE_VERSION='0.2.3'
PATH_SEPARATOR=':'
PIDGIN_CFLAGS='-I/usr/local/include/pidgin -I/usr/local/include/libpurple -I/usr/include/cairo -I/usr/include/freetype2 -I/usr/X11R6/include -I/usr/include/libpng12 -I/opt/gnome/include/gtk-2.0 -I/opt/gnome/lib/gtk-2.0/include -I/opt/gnome/include/atk-1.0 -I/opt/gnome/include/pango-1.0 -I/opt/gnome/include/glib-2.0 -I/opt/gnome/lib/glib-2.0/include  '
PIDGIN_LIBS='-L/usr/local/lib -L/usr/X11R6/lib -L/opt/gnome/lib -lgtk-x11-2.0 -lpurple -lgdk-x11-2.0 -latk-1.0 -lgdk_pixbuf-2.0 -lpangocairo-1.0 -lpango-1.0 -lcairo -lgobject-2.0 -lgmodule-2.0 -ldl -lfreetype -lfontconfig -lXrender -lX11 -lXext -lpng12 -lz -lglitz -lm -lglib-2.0  '
PKG_CONFIG='/usr/bin/pkg-config'
POFILES=' fr.po sv.po zh_TW.po de.po'
POSUB='po'
PO_IN_DATADIR_FALSE=''
PO_IN_DATADIR_TRUE=''
RANLIB='ranlib'
SET_MAKE=''
SHELL='/bin/sh'
STRIP='strip'
USE_NLS='yes'
VERSION='0.2.3'
WITH_WIN32_FALSE=''
WITH_WIN32_TRUE='#'
WITH_X11_FALSE='#'
WITH_X11_TRUE=''
XGETTEXT='/usr/bin/xgettext'
ac_ct_CC='gcc'
ac_ct_CXX='g++'
ac_ct_F77=''
am__fastdepCC_FALSE='#'
am__fastdepCC_TRUE=''
am__fastdepCXX_FALSE='#'
am__fastdepCXX_TRUE=''
am__include='include'
am__leading_dot='.'
am__quote=''
am__tar='${AMTAR} chof - "$$tardir"'
am__untar='${AMTAR} xf -'
bindir='${exec_prefix}/bin'
build='i686-pc-linux-gnu'
build_alias=''
build_cpu='i686'
build_os='linux-gnu'
build_vendor='pc'
datadir='${datarootdir}'
datarootdir='${prefix}/share'
docdir='${datarootdir}/doc/${PACKAGE_TARNAME}'
dvidir='${docdir}'
exec_prefix='${prefix}'
host='i686-pc-linux-gnu'
host_alias=''
host_cpu='i686'
host_os='linux-gnu'
host_vendor='pc'
htmldir='${docdir}'
includedir='${prefix}/include'
infodir='${datarootdir}/info'
install_sh='/home/sumitk/osource/pidgin-hotkeys-0.2.3/install-sh'
libdir='${exec_prefix}/lib'
libexecdir='${exec_prefix}/libexec'
localedir='${datarootdir}/locale'
localstatedir='${prefix}/var'
mandir='${datarootdir}/man'
mkdir_p='mkdir -p --'
oldincludedir='/usr/include'
pdfdir='${docdir}'
prefix='/usr/local'
program_transform_name='s,x,x,'
psdir='${docdir}'
sbindir='${exec_prefix}/sbin'
sharedstatedir='${prefix}/com'
sysconfdir='${prefix}/etc'
target='i686-pc-linux-gnu'
target_alias=''
target_cpu='i686'
target_os='linux-gnu'
target_vendor='pc'

## ----------- ##
## confdefs.h. ##
## ----------- ##

#define PACKAGE_NAME "pidgin-hotkeys"
#define PACKAGE_TARNAME "pidgin-hotkeys"
#define PACKAGE_VERSION "0.2.3"
#define PACKAGE_STRING "pidgin-hotkeys 0.2.3"
#define PACKAGE_BUGREPORT "email@ivanwong.info"
#define PACKAGE "pidgin-hotkeys"
#define VERSION "0.2.3"
#define STDC_HEADERS 1
#define HAVE_SYS_TYPES_H 1
#define HAVE_SYS_STAT_H 1
#define HAVE_STDLIB_H 1
#define HAVE_STRING_H 1
#define HAVE_MEMORY_H 1
#define HAVE_STRINGS_H 1
#define HAVE_INTTYPES_H 1
#define HAVE_STDINT_H 1
#define HAVE_UNISTD_H 1
#define HAVE_DLFCN_H 1
#define VERSION_EPOCH 0
#define VERSION_MAJOR 2
#define VERSION_MINOR 3
#define GETTEXT_PACKAGE "pidgin-hotkeys"
#define HAVE_LOCALE_H 1
#define HAVE_LC_MESSAGES 1
#define HAVE_BIND_TEXTDOMAIN_CODESET 1
#define HAVE_GETTEXT 1
#define HAVE_DCGETTEXT 1
#define ENABLE_NLS 1

configure: exit 0
